<?xml version="1.0" encoding="UTF-8" ?>
<testsuite errors="0" failures="0" hostname="PC-201909-091" name="sample.TaxTest" skipped="0" tests="3" time="0.112" timestamp="2020-11-14T02:54:33">
  <properties>
[...]
</properties>
  <testcase classname="sample.TaxTest" name="test2" time="0.003" />
  <testcase classname="sample.TaxTest" name="test1" time="0.0" />
  <testcase classname="sample.TaxTest" name="test3" time="0.0" />
  <system-out><![CDATA[C
A
C
]]></system-out>
  <system-err><![CDATA[]]></system-err>
</testsuite>
